  ComputeAlpha2.cpp
c:\users\rakshan\source\repos\computealpha2\computealpha2\computealpha2.cpp(47): warning C4244: 'initializing': conversion from 'double' to 'int', possible loss of data
c:\users\rakshan\source\repos\computealpha2\computealpha2\computealpha2.cpp(47): warning C4244: 'initializing': conversion from 'double' to 'const int', possible loss of data
c:\users\rakshan\source\repos\computealpha2\computealpha2\computealpha2.cpp(48): warning C4244: 'initializing': conversion from 'double' to 'int', possible loss of data
c:\users\rakshan\source\repos\computealpha2\computealpha2\computealpha2.cpp(48): warning C4244: 'initializing': conversion from 'double' to 'const int', possible loss of data
c:\users\rakshan\source\repos\computealpha2\computealpha2\computealpha2.cpp(54): warning C4244: 'initializing': conversion from 'double' to 'int', possible loss of data
c:\users\rakshan\source\repos\computealpha2\computealpha2\computealpha2.cpp(54): warning C4244: 'initializing': conversion from 'double' to 'const int', possible loss of data
c:\users\rakshan\source\repos\computealpha2\computealpha2\computealpha2.cpp(67): warning C4244: 'argument': conversion from '_Rep' to 'unsigned int', possible loss of data
          with
          [
              _Rep=std::chrono::system_clock::rep
          ]
c:\users\rakshan\source\repos\computealpha2\computealpha2\computealpha2.cpp(69): warning C4018: '<': signed/unsigned mismatch
c:\users\rakshan\source\repos\computealpha2\computealpha2\computealpha2.cpp(79): warning C4018: '<': signed/unsigned mismatch
c:\users\rakshan\source\repos\computealpha2\computealpha2\computealpha2.cpp(148): warning C4018: '<': signed/unsigned mismatch
     Creating library C:\Users\Rakshan\source\repos\ComputeAlpha2\x64\Release\ComputeAlpha2.lib and object C:\Users\Rakshan\source\repos\ComputeAlpha2\x64\Release\ComputeAlpha2.exp
  Generating code
  2 of 1108 functions ( 0.2%) were compiled, the rest were copied from previous compilation.
    0 functions were new in current compilation
    13 functions had inline decision re-evaluated but remain unchanged
  Finished generating code
  ComputeAlpha2.vcxproj -> C:\Users\Rakshan\source\repos\ComputeAlpha2\x64\Release\ComputeAlpha2.exe
